error: Error de permisos
error: Error de permisos
error: Error de permisos
error: Error de permisos
error: Error de permisos
error: Carrito inexistente o vacío
error: Carrito inexistente o vacío
error: Carrito inexistente o vacío
error: Carrito inexistente o vacío
error: undefined {"code":"ERR_HTTP_HEADERS_SENT"}
error: undefined
error: Stock Insuficiente del producto producto 03
error: Stock Insuficiente del producto : producto 03
error: undefined {"code":"ERR_HTTP_HEADERS_SENT"}
error: undefined {"code":"ERR_HTTP_HEADERS_SENT"}
error: Stock Insuficiente del producto : producto 03
error: undefined
error: Stock Insuficiente del producto : producto 03
error: Stock Insuficiente del producto : producto 03
error: undefined
error: undefined
error: undefined
error: undefined
error: undefined
error: undefined
error: undefined
error: Stock Insuficiente del producto : producto 03
error: Stock Insuficiente del producto : producto 03
error: undefined
error: undefined
error: undefined
error: Stock Insuficiente del producto : producto 03
error: undefined
error: undefined
error: Stock Insuficiente del producto : producto 03
error: Stock Insuficiente del producto : producto 03
error: Stock Insuficiente del producto : producto 03
error: undefined
error: Error de permisos
error: Error de permisos
error: Error de permisos
error: Error de permisos
error: Error de permisos
error: Error de permisos
error: Error de permisos
error: Error de permisos
error: Error de permisos
error: Error de permisos
error: Error de permisos
error: Error de permisos
error: Error de permisos
error: Error de permisos
error: Error de permisos
error: Error de permisos
error: Error de permisos
error: Error de permisos
error: Error de permisos
error: Error de permisos
error: Error de permisos
error: Error de permisos
error: Error de permisos
error: Error de permisos
error: Error de permisos
error: Error de permisos
error: Error de permisos
error: Error de permisos
error: Error de permisos
error: Error de permisos
error: undefined
error: undefined
error: undefined
error: undefined
error: undefined
error: undefined
error: Stock Insuficiente del producto : producto 01
error: Stock Insuficiente del producto : producto 01
error: undefined
error: undefined
error: Carrito inexistente o vacío
error: Carrito inexistente o vacío
error: undefined
error: undefined
error: undefined
error: undefined
error: undefined
error: undefined
error: undefined
error: undefined
error: undefined
error: Carrito inexistente o vacío
error: undefined
